[INFO] 2023-11-12 19:45:09 brs.GeneratorImpl - estimateCommitment info8 height=3947014,committedAmount=0,committedAmountOnCache=0,generatorId=8472544424236002461
[INFO] 2023-11-12 19:45:09 brs.GeneratorImpl - estimateCommitment info9 height=3947014,committedAmount=0,committedAmountOnCache=0,generatorId=8472544424236002461
[INFO] 2023-11-12 19:45:09 brs.GeneratorImpl - estimateCommitment info10 height=3947014,committedAmount=0,committedAmountOnCache=0,generatorId=8472544424236002461
[INFO] 2023-11-12 19:45:09 brs.GeneratorImpl - calculateDeadline info2 height=3947015,commitment=0,averageCommitment=10000,commitmentFactor=0.125,lnScale=3.1066746727980594,deadline=0,nextDeadlineOrigin=0.0,nextDeadline=0.0,hit=152402205736822,capacityBaseTarget=900719938895872,accountID=8472544424236002461
[INFO] 2023-11-12 19:45:09 brs.GeneratorImpl - forge info1 elapsedTime=33624,timeService.getEpochTime=38195110,lastBlock.getTimestamp=38161486,deadline=0
[INFO] 2023-11-12 19:45:09 brs.services.impl.BlockServiceImpl - calculateBaseTarget info7 height=3947015,difTime=63107,targetTimespan=480
[INFO] 2023-11-12 19:45:09 brs.services.impl.BlockServiceImpl - calculateBaseTarget info8 height=3947015,difTime=960,targetTimespan=480,curBaseTarget=900719938895872,newBaseTarget=900719925474099,peerBaseTarget=900719925474099,blockTime=20
[INFO] 2023-11-12 19:45:09 brs.GeneratorImpl - estimateCommitment info8 height=3947014,committedAmount=0,committedAmountOnCache=0,generatorId=8472544424236002461
[INFO] 2023-11-12 19:45:09 brs.GeneratorImpl - estimateCommitment info9 height=3947014,committedAmount=0,committedAmountOnCache=0,generatorId=8472544424236002461
[INFO] 2023-11-12 19:45:09 brs.GeneratorImpl - estimateCommitment info10 height=3947014,committedAmount=0,committedAmountOnCache=0,generatorId=8472544424236002461
[INFO] 2023-11-12 19:45:09 brs.services.impl.BlockServiceImpl - calculateBaseTarget info19 height=3947015,avgCommitmentWindow=96,curCommitment=10000,newAvgCommitment=9895
[INFO] 2023-11-12 19:45:09 brs.services.impl.BlockServiceImpl - calculateBaseTarget info20 height=3947015,newBaseTarget=900719925474099,newAvgCommitment=10000
[INFO] 2023-11-12 19:45:09 brs.GeneratorImpl - calculateDeadline info2 height=3947015,commitment=0,averageCommitment=10000,commitmentFactor=0.125,lnScale=3.1066746727980594,deadline=0,nextDeadlineOrigin=0.0,nextDeadline=0.0,hit=152402205736822,capacityBaseTarget=900719938895872,accountID=0
[INFO] 2023-11-12 19:45:19 brs.GeneratorImpl - estimateCommitment info8 height=3947015,committedAmount=0,committedAmountOnCache=0,generatorId=8472544424236002461
[INFO] 2023-11-12 19:45:19 brs.GeneratorImpl - estimateCommitment info9 height=3947015,committedAmount=0,committedAmountOnCache=0,generatorId=8472544424236002461
[INFO] 2023-11-12 19:45:19 brs.GeneratorImpl - estimateCommitment info10 height=3947015,committedAmount=0,committedAmountOnCache=0,generatorId=8472544424236002461
[INFO] 2023-11-12 19:45:19 brs.GeneratorImpl - calculateDeadline info2 height=3947016,commitment=0,averageCommitment=10000,commitmentFactor=0.125,lnScale=3.1066746727980594,deadline=0,nextDeadlineOrigin=0.0,nextDeadline=0.0,hit=675682850249503,capacityBaseTarget=900719938895872,accountID=8472544424236002461
[INFO] 2023-11-12 19:45:20 brs.GeneratorImpl - forge info1 elapsedTime=10,timeService.getEpochTime=38195120,lastBlock.getTimestamp=38195110,deadline=0
[INFO] 2023-11-12 19:45:20 brs.services.impl.BlockServiceImpl - calculateBaseTarget info7 height=3947016,difTime=62535,targetTimespan=480
[INFO] 2023-11-12 19:45:20 brs.services.impl.BlockServiceImpl - calculateBaseTarget info8 height=3947016,difTime=960,targetTimespan=480,curBaseTarget=900719938895872,newBaseTarget=900719925474099,peerBaseTarget=900719925474099,blockTime=20
[INFO] 2023-11-12 19:45:20 brs.GeneratorImpl - estimateCommitment info8 height=3947015,committedAmount=0,committedAmountOnCache=0,generatorId=8472544424236002461
[INFO] 2023-11-12 19:45:20 brs.GeneratorImpl - estimateCommitment info9 height=3947015,committedAmount=0,committedAmountOnCache=0,generatorId=8472544424236002461
[INFO] 2023-11-12 19:45:20 brs.GeneratorImpl - estimateCommitment info10 height=3947015,committedAmount=0,committedAmountOnCache=0,generatorId=8472544424236002461
[INFO] 2023-11-12 19:45:20 brs.services.impl.BlockServiceImpl - calculateBaseTarget info19 height=3947016,avgCommitmentWindow=96,curCommitment=10000,newAvgCommitment=9895
[INFO] 2023-11-12 19:45:20 brs.services.impl.BlockServiceImpl - calculateBaseTarget info20 height=3947016,newBaseTarget=900719925474099,newAvgCommitment=10000
[INFO] 2023-11-12 19:45:20 brs.GeneratorImpl - calculateDeadline info2 height=3947016,commitment=0,averageCommitment=10000,commitmentFactor=0.125,lnScale=3.1066746727980594,deadline=0,nextDeadlineOrigin=0.0,nextDeadline=0.0,hit=675682850249503,capacityBaseTarget=900719938895872,accountID=0
[INFO] 2023-11-12 19:45:29 brs.GeneratorImpl - estimateCommitment info8 height=3947016,committedAmount=0,committedAmountOnCache=0,generatorId=8472544424236002461
[INFO] 2023-11-12 19:45:29 brs.GeneratorImpl - estimateCommitment info9 height=3947016,committedAmount=0,committedAmountOnCache=0,generatorId=8472544424236002461
[INFO] 2023-11-12 19:45:29 brs.GeneratorImpl - estimateCommitment info10 height=3947016,committedAmount=0,committedAmountOnCache=0,generatorId=8472544424236002461
[INFO] 2023-11-12 19:45:29 brs.GeneratorImpl - calculateDeadline info2 height=3947017,commitment=0,averageCommitment=10000,commitmentFactor=0.125,lnScale=3.1066746727980594,deadline=0,nextDeadlineOrigin=0.0,nextDeadline=0.0,hit=172423345313116,capacityBaseTarget=900719938895872,accountID=8472544424236002461
[INFO] 2023-11-12 19:45:30 brs.GeneratorImpl - forge info1 elapsedTime=10,timeService.getEpochTime=38195130,lastBlock.getTimestamp=38195120,deadline=0
[INFO] 2023-11-12 19:45:30 brs.services.impl.BlockServiceImpl - calculateBaseTarget info7 height=3947017,difTime=62535,targetTimespan=480
[INFO] 2023-11-12 19:45:30 brs.services.impl.BlockServiceImpl - calculateBaseTarget info8 height=3947017,difTime=960,targetTimespan=480,curBaseTarget=900719938895872,newBaseTarget=900719925474099,peerBaseTarget=900719925474099,blockTime=20
[INFO] 2023-11-12 19:45:30 brs.GeneratorImpl - estimateCommitment info8 height=3947016,committedAmount=0,committedAmountOnCache=0,generatorId=8472544424236002461
[INFO] 2023-11-12 19:45:30 brs.GeneratorImpl - estimateCommitment info9 height=3947016,committedAmount=0,committedAmountOnCache=0,generatorId=8472544424236002461
[INFO] 2023-11-12 19:45:30 brs.GeneratorImpl - estimateCommitment info10 height=3947016,committedAmount=0,committedAmountOnCache=0,generatorId=8472544424236002461
[INFO] 2023-11-12 19:45:30 brs.services.impl.BlockServiceImpl - calculateBaseTarget info19 height=3947017,avgCommitmentWindow=96,curCommitment=10000,newAvgCommitment=9895
[INFO] 2023-11-12 19:45:30 brs.services.impl.BlockServiceImpl - calculateBaseTarget info20 height=3947017,newBaseTarget=900719925474099,newAvgCommitment=10000
[INFO] 2023-11-12 19:45:30 brs.GeneratorImpl - calculateDeadline info2 height=3947017,commitment=0,averageCommitment=10000,commitmentFactor=0.125,lnScale=3.1066746727980594,deadline=0,nextDeadlineOrigin=0.0,nextDeadline=0.0,hit=172423345313116,capacityBaseTarget=900719938895872,accountID=0
